ping failed! on site http://maitri.heroku.com 
2012-05-18 15:01:51 -0500
ping failed! on site http://yjb.herokuapp.com/ 
2012-05-18 15:06:56 -0500
ping failed! on site http://yaleconnect.heroku.com 
2012-05-18 15:12:02 -0500
ping failed! on site http://actboost.heroku.com 
2012-05-18 22:50:58 -0500
ping failed! on site http://screwmeyale.heroku.com 
2012-05-19 08:36:24 -0500
ping failed! on site http://maitri.heroku.com 
2012-05-19 17:08:28 -0500
ping failed! on site http://yjb.herokuapp.com/ 
2012-05-20 01:21:39 -0500
ping failed! on site http://yaleconnect.heroku.com 
2012-05-20 02:08:04 -0500
ping failed! on site http://yjb.herokuapp.com/ 
2012-05-20 02:28:10 -0500
ping failed! on site http://yaleconnect.heroku.com 
2012-05-20 02:33:15 -0500
ping failed! on site http://maitri.heroku.com 
2012-05-20 10:37:38 -0500
ping failed! on site http://yjb.herokuapp.com/ 
2012-05-20 15:50:22 -0500
ping failed! on site http://yaleconnect.heroku.com 
2012-05-20 15:55:27 -0500
ping failed! on site http://screwmeyale.heroku.com 
2012-05-20 16:05:32 -0500
ping failed! on site http://maitri.heroku.com 
2012-05-20 16:10:37 -0500
ping failed! on site http://yjb.herokuapp.com/ 
2012-05-20 16:15:42 -0500
ping failed! on site http://yaleconnect.heroku.com 
2012-05-20 16:20:47 -0500
ping failed! on site http://yjb.herokuapp.com/ 
2012-05-20 17:30:55 -0500
ping failed! on site http://maitri.heroku.com 
2012-05-20 17:51:01 -0500
ping failed! on site http://yaleconnect.heroku.com 
2012-05-20 20:03:07 -0500
ping failed! on site http://actboost.heroku.com 
2012-05-20 20:08:12 -0500
ping failed! on site http://screwmeyale.heroku.com 
2012-05-20 20:13:17 -0500
ping failed! on site http://maitri.heroku.com 
2012-05-20 20:18:22 -0500
ping failed! on site http://yjb.herokuapp.com/ 
2012-05-20 20:23:27 -0500
ping failed! on site http://yaleconnect.heroku.com 
2012-05-20 20:28:32 -0500
ping failed! on site http://yjb.herokuapp.com/ 
2012-05-20 21:38:44 -0500
ping failed! on site http://yjb.herokuapp.com/ 
2012-05-21 00:43:32 -0500
ping failed! on site http://yaleconnect.heroku.com 
2012-05-21 00:48:37 -0500
ping failed! on site http://actboost.heroku.com 
2012-05-21 00:53:42 -0500
ping failed! on site http://maitri.heroku.com 
2012-05-21 01:03:47 -0500
ping failed! on site http://yaleconnect.heroku.com 
2012-05-21 01:13:52 -0500
ping failed! on site http://yjb.herokuapp.com/ 
2012-05-21 01:58:59 -0500
